This is XeTeX, Version 3.141592653-2.6-0.999994 (MiKTeX 23.1) (preloaded format=xelatex 2023.6.9)  11 NOV 2025 19:31
entering extended mode
 restricted \write18 enabled.
 %&-line parsing enabled.
**./bookdown-demo.tex
(bookdown-demo.tex
LaTeX2e <2022-11-01> patch level 1
L3 programming layer <2023-02-22> (C:\Users\jeffr\AppData\Local\Programs\MiKTeX
\tex/latex/base\book.cls
Document Class: book 2022/07/02 v1.4n Standard LaTeX document class
(C:\Users\jeffr\AppData\Local\Programs\MiKTeX\tex/latex/base\bk10.clo
File: bk10.clo 2022/07/02 v1.4n Standard LaTeX file (size option)
)
\c@part=\count181
\c@chapter=\count182
\c@section=\count183
\c@subsection=\count184
\c@subsubsection=\count185
\c@paragraph=\count186
\c@subparagraph=\count187
\c@figure=\count188
\c@table=\count189
\abovecaptionskip=\skip48
\belowcaptionskip=\skip49
\bibindent=\dimen140
) (C:\Users\jeffr\AppData\Local\Programs\MiKTeX\tex/latex/amsmath\amsmath.sty
Package: amsmath 2022/04/08 v2.17n AMS math features
\@mathmargin=\skip50
For additional information on amsmath, use the `?' option.
(C:\Users\jeffr\AppData\Local\Programs\MiKTeX\tex/latex/amsmath\amstext.sty
Package: amstext 2021/08/26 v2.01 AMS text
(C:\Users\jeffr\AppData\Local\Programs\MiKTeX\tex/latex/amsmath\amsgen.sty
File: amsgen.sty 1999/11/30 v2.0 generic functions
\@emptytoks=\toks16
\ex@=\dimen141
)) (C:\Users\jeffr\AppData\Local\Programs\MiKTeX\tex/latex/amsmath\amsbsy.sty
Package: amsbsy 1999/11/29 v1.2d Bold Symbols
\pmbraise@=\dimen142
) (C:\Users\jeffr\AppData\Local\Programs\MiKTeX\tex/latex/amsmath\amsopn.sty
Package: amsopn 2022/04/08 v2.04 operator names
)
\inf@bad=\count190
LaTeX Info: Redefining \frac on input line 234.
\uproot@=\count191
\leftroot@=\count192
LaTeX Info: Redefining \overline on input line 399.
LaTeX Info: Redefining \colon on input line 410.
\classnum@=\count193
\DOTSCASE@=\count194
LaTeX Info: Redefining \ldots on input line 496.
LaTeX Info: Redefining \dots on input line 499.
LaTeX Info: Redefining \cdots on input line 620.
\Mathstrutbox@=\box51
\strutbox@=\box52
LaTeX Info: Redefining \big on input line 722.
LaTeX Info: Redefining \Big on input line 723.
LaTeX Info: Redefining \bigg on input line 724.
LaTeX Info: Redefining \Bigg on input line 725.
\big@size=\dimen143
LaTeX Font Info:    Redeclaring font encoding OML on input line 743.
LaTeX Font Info:    Redeclaring font encoding OMS on input line 744.
\macc@depth=\count195
LaTeX Info: Redefining \bmod on input line 905.
LaTeX Info: Redefining \pmod on input line 910.
LaTeX Info: Redefining \smash on input line 940.
LaTeX Info: Redefining \relbar on input line 970.
LaTeX Info: Redefining \Relbar on input line 971.
\c@MaxMatrixCols=\count196
\dotsspace@=\muskip16
\c@parentequation=\count197
\dspbrk@lvl=\count198
\tag@help=\toks17
\row@=\count199
\column@=\count266
\maxfields@=\count267
\andhelp@=\toks18
\eqnshift@=\dimen144
\alignsep@=\dimen145
\tagshift@=\dimen146
\tagwidth@=\dimen147
\totwidth@=\dimen148
\lineht@=\dimen149
\@envbody=\toks19
\multlinegap=\skip51
\multlinetaggap=\skip52
\mathdisplay@stack=\toks20
LaTeX Info: Redefining \[ on input line 2953.
LaTeX Info: Redefining \] on input line 2954.
) (C:\Users\jeffr\AppData\Local\Programs\MiKTeX\tex/latex/amsfonts\amssymb.sty
Package: amssymb 2013/01/14 v3.01 AMS font symbols
(C:\Users\jeffr\AppData\Local\Programs\MiKTeX\tex/latex/amsfonts\amsfonts.sty
Package: amsfonts 2013/01/14 v3.01 Basic AMSFonts support
\symAMSa=\mathgroup4
\symAMSb=\mathgroup5
LaTeX Font Info:    Redeclaring math symbol \hbar on input line 98.
LaTeX Font Info:    Overwriting math alphabet `\mathfrak' in version `bold'
(Font)                  U/euf/m/n --> U/euf/b/n on input line 106.
)) (C:\Users\jeffr\AppData\Local\Programs\MiKTeX\tex/generic/iftex\iftex.sty
Package: iftex 2022/02/03 v1.0f TeX engine tests
)
(C:\Users\jeffr\AppData\Local\Programs\MiKTeX\tex/latex/unicode-math\unicode-ma
th.sty (C:\Users\jeffr\AppData\Local\Programs\MiKTeX\tex/latex/l3kernel\expl3.s
ty
Package: expl3 2023-02-22 L3 programming layer (loader) 

(C:\Users\jeffr\AppData\Local\Programs\MiKTeX\tex/latex/l3backend\l3backend-xet
ex.def
File: l3backend-xetex.def 2023-01-16 L3 backend support: XeTeX
\g__graphics_track_int=\count268
\l__pdf_internal_box=\box53
\g__pdf_backend_object_int=\count269
\g__pdf_backend_annotation_int=\count270
\g__pdf_backend_link_int=\count271
))
Package: unicode-math 2020/01/31 v0.8q Unicode maths in XeLaTeX and LuaLaTeX

(C:\Users\jeffr\AppData\Local\Programs\MiKTeX\tex/latex/unicode-math\unicode-ma
th-xetex.sty
Package: unicode-math-xetex 2020/01/31 v0.8q Unicode maths in XeLaTeX and LuaLa
TeX

(C:\Users\jeffr\AppData\Local\Programs\MiKTeX\tex/latex/l3packages/xparse\xpars
e.sty
Package: xparse 2023-01-16 L3 Experimental document command parser
)
(C:\Users\jeffr\AppData\Local\Programs\MiKTeX\tex/latex/l3packages/l3keys2e\l3k
eys2e.sty
Package: l3keys2e 2023-01-16 LaTeX2e option processing using LaTeX3 keys
) (C:\Users\jeffr\AppData\Local\Programs\MiKTeX\tex/latex/fontspec\fontspec.sty
Package: fontspec 2022/01/15 v2.8a Font selection for XeLaTeX and LuaLaTeX

(C:\Users\jeffr\AppData\Local\Programs\MiKTeX\tex/latex/fontspec\fontspec-xetex
.sty
Package: fontspec-xetex 2022/01/15 v2.8a Font selection for XeLaTeX and LuaLaTe
X
\l__fontspec_script_int=\count272
\l__fontspec_language_int=\count273
\l__fontspec_strnum_int=\count274
\l__fontspec_tmp_int=\count275
\l__fontspec_tmpa_int=\count276
\l__fontspec_tmpb_int=\count277
\l__fontspec_tmpc_int=\count278
\l__fontspec_em_int=\count279
\l__fontspec_emdef_int=\count280
\l__fontspec_strong_int=\count281
\l__fontspec_strongdef_int=\count282
\l__fontspec_tmpa_dim=\dimen150
\l__fontspec_tmpb_dim=\dimen151
\l__fontspec_tmpc_dim=\dimen152
(C:\Users\jeffr\AppData\Local\Programs\MiKTeX\tex/latex/base\fontenc.sty
Package: fontenc 2021/04/29 v2.0v Standard LaTeX package
) (C:\Users\jeffr\AppData\Local\Programs\MiKTeX\tex/latex/fontspec\fontspec.cfg
))) (C:\Users\jeffr\AppData\Local\Programs\MiKTeX\tex/latex/base\fix-cm.sty
Package: fix-cm 2020/11/24 v1.1t fixes to LaTeX
(C:\Users\jeffr\AppData\Local\Programs\MiKTeX\tex/latex/base\ts1enc.def
File: ts1enc.def 2001/06/05 v3.0e (jk/car/fm) Standard LaTeX file
LaTeX Font Info:    Redeclaring font encoding TS1 on input line 47.
))
\g__um_fam_int=\count283
\g__um_fonts_used_int=\count284
\l__um_primecount_int=\count285
\g__um_primekern_muskip=\muskip17

(C:\Users\jeffr\AppData\Local\Programs\MiKTeX\tex/latex/unicode-math\unicode-ma
th-table.tex))) (C:\Users\jeffr\AppData\Local\Programs\MiKTeX\tex/latex/lm\lmod
ern.sty
Package: lmodern 2015/05/01 v1.6.1 Latin Modern Fonts
LaTeX Font Info:    Overwriting symbol font `operators' in version `normal'
(Font)                  OT1/cmr/m/n --> OT1/lmr/m/n on input line 22.
LaTeX Font Info:    Overwriting symbol font `letters' in version `normal'
(Font)                  OML/cmm/m/it --> OML/lmm/m/it on input line 23.
LaTeX Font Info:    Overwriting symbol font `symbols' in version `normal'
(Font)                  OMS/cmsy/m/n --> OMS/lmsy/m/n on input line 24.
LaTeX Font Info:    Overwriting symbol font `largesymbols' in version `normal'
(Font)                  OMX/cmex/m/n --> OMX/lmex/m/n on input line 25.
LaTeX Font Info:    Overwriting symbol font `operators' in version `bold'
(Font)                  OT1/cmr/bx/n --> OT1/lmr/bx/n on input line 26.
LaTeX Font Info:    Overwriting symbol font `letters' in version `bold'
(Font)                  OML/cmm/b/it --> OML/lmm/b/it on input line 27.
LaTeX Font Info:    Overwriting symbol font `symbols' in version `bold'
(Font)                  OMS/cmsy/b/n --> OMS/lmsy/b/n on input line 28.
LaTeX Font Info:    Overwriting symbol font `largesymbols' in version `bold'
(Font)                  OMX/cmex/m/n --> OMX/lmex/m/n on input line 29.
LaTeX Font Info:    Overwriting math alphabet `\mathbf' in version `normal'
(Font)                  OT1/cmr/bx/n --> OT1/lmr/bx/n on input line 31.
LaTeX Font Info:    Overwriting math alphabet `\mathsf' in version `normal'
(Font)                  OT1/cmss/m/n --> OT1/lmss/m/n on input line 32.
LaTeX Font Info:    Overwriting math alphabet `\mathit' in version `normal'
(Font)                  OT1/cmr/m/it --> OT1/lmr/m/it on input line 33.
LaTeX Font Info:    Overwriting math alphabet `\mathtt' in version `normal'
(Font)                  OT1/cmtt/m/n --> OT1/lmtt/m/n on input line 34.
LaTeX Font Info:    Overwriting math alphabet `\mathbf' in version `bold'
(Font)                  OT1/cmr/bx/n --> OT1/lmr/bx/n on input line 35.
LaTeX Font Info:    Overwriting math alphabet `\mathsf' in version `bold'
(Font)                  OT1/cmss/bx/n --> OT1/lmss/bx/n on input line 36.
LaTeX Font Info:    Overwriting math alphabet `\mathit' in version `bold'
(Font)                  OT1/cmr/bx/it --> OT1/lmr/bx/it on input line 37.
LaTeX Font Info:    Overwriting math alphabet `\mathtt' in version `bold'
(Font)                  OT1/cmtt/m/n --> OT1/lmtt/m/n on input line 38.
) (C:\Users\jeffr\AppData\Local\Programs\MiKTeX\tex/latex/upquote\upquote.sty
Package: upquote 2012/04/19 v1.3 upright-quote and grave-accent glyphs in verba
tim
(C:\Users\jeffr\AppData\Local\Programs\MiKTeX\tex/latex/base\textcomp.sty
Package: textcomp 2020/02/02 v2.0n Standard LaTeX package
))
(C:\Users\jeffr\AppData\Local\Programs\MiKTeX\tex/latex/microtype\microtype.sty
Package: microtype 2023/03/13 v3.1a Micro-typographical refinements (RS)
(C:\Users\jeffr\AppData\Local\Programs\MiKTeX\tex/latex/graphics\keyval.sty
Package: keyval 2022/05/29 v1.15 key=value parser (DPC)
\KV@toks@=\toks21
) (C:\Users\jeffr\AppData\Local\Programs\MiKTeX\tex/latex/etoolbox\etoolbox.sty
Package: etoolbox 2020/10/05 v2.5k e-TeX tools for LaTeX (JAW)
\etb@tempcnta=\count286
)
\MT@toks=\toks22
\MT@tempbox=\box54
\MT@count=\count287
LaTeX Info: Redefining \noprotrusionifhmode on input line 1059.
LaTeX Info: Redefining \leftprotrusion on input line 1060.
\MT@prot@toks=\toks23
LaTeX Info: Redefining \rightprotrusion on input line 1078.
LaTeX Info: Redefining \textls on input line 1368.
\MT@outer@kern=\dimen153
LaTeX Info: Redefining \textmicrotypecontext on input line 1988.
\MT@listname@count=\count288

(C:\Users\jeffr\AppData\Local\Programs\MiKTeX\tex/latex/microtype\microtype-xet
ex.def
File: microtype-xetex.def 2023/03/13 v3.1a Definitions specific to xetex (RS)
LaTeX Info: Redefining \lsstyle on input line 238.
)
Package microtype Info: Loading configuration file microtype.cfg.

(C:\Users\jeffr\AppData\Local\Programs\MiKTeX\tex/latex/microtype\microtype.cfg
File: microtype.cfg 2023/03/13 v3.1a microtype main configuration file (RS)
)) (C:\Users\jeffr\AppData\Local\Programs\MiKTeX\tex/latex/parskip\parskip.sty
Package: parskip 2021-03-14 v2.0h non-zero parskip adjustments

(C:\Users\jeffr\AppData\Local\Programs\MiKTeX\tex/latex/kvoptions\kvoptions.sty
Package: kvoptions 2022-06-15 v3.15 Key value format for package options (HO)
(C:\Users\jeffr\AppData\Local\Programs\MiKTeX\tex/generic/ltxcmds\ltxcmds.sty
Package: ltxcmds 2020-05-10 v1.25 LaTeX kernel commands for general use (HO)
)
(C:\Users\jeffr\AppData\Local\Programs\MiKTeX\tex/latex/kvsetkeys\kvsetkeys.sty
Package: kvsetkeys 2022-10-05 v1.19 Key value parser (HO)
))) (C:\Users\jeffr\AppData\Local\Programs\MiKTeX\tex/latex/xcolor\xcolor.sty
Package: xcolor 2022/06/12 v2.14 LaTeX color extensions (UK)
(C:\Users\jeffr\AppData\Local\Programs\MiKTeX\tex/latex/graphics-cfg\color.cfg
File: color.cfg 2016/01/02 v1.6 sample color configuration
)
Package xcolor Info: Driver file: xetex.def on input line 227.
(C:\Users\jeffr\AppData\Local\Programs\MiKTeX\tex/latex/graphics-def\xetex.def
File: xetex.def 2022/09/22 v5.0n Graphics/color driver for xetex
) (C:\Users\jeffr\AppData\Local\Programs\MiKTeX\tex/latex/graphics\mathcolor.lt
x)
Package xcolor Info: Model `cmy' substituted by `cmy0' on input line 1353.
Package xcolor Info: Model `RGB' extended on input line 1369.
Package xcolor Info: Model `HTML' substituted by `rgb' on input line 1371.
Package xcolor Info: Model `Hsb' substituted by `hsb' on input line 1372.
Package xcolor Info: Model `tHsb' substituted by `hsb' on input line 1373.
Package xcolor Info: Model `HSB' substituted by `hsb' on input line 1374.
Package xcolor Info: Model `Gray' substituted by `gray' on input line 1375.
Package xcolor Info: Model `wave' substituted by `hsb' on input line 1376.
) (C:\Users\jeffr\AppData\Local\Programs\MiKTeX\tex/latex/fancyvrb\fancyvrb.sty
Package: fancyvrb 2023/01/19 4.5a verbatim text (tvz,hv)
\FV@CodeLineNo=\count289
\FV@InFile=\read2
\FV@TabBox=\box55
\c@FancyVerbLine=\count290
\FV@StepNumber=\count291
\FV@OutFile=\write3
) (C:\Users\jeffr\AppData\Local\Programs\MiKTeX\tex/latex/framed\framed.sty
Package: framed 2011/10/22 v 0.96: framed or shaded text with page breaks
\OuterFrameSep=\skip53
\fb@frw=\dimen154
\fb@frh=\dimen155
\FrameRule=\dimen156
\FrameSep=\dimen157
) (C:\Users\jeffr\AppData\Local\Programs\MiKTeX\tex/latex/tools\longtable.sty
Package: longtable 2021-09-01 v4.17 Multi-page Table package (DPC)
\LTleft=\skip54
\LTright=\skip55
\LTpre=\skip56
\LTpost=\skip57
\LTchunksize=\count292
\LTcapwidth=\dimen158
\LT@head=\box56
\LT@firsthead=\box57
\LT@foot=\box58
\LT@lastfoot=\box59
\LT@gbox=\box60
\LT@cols=\count293
\LT@rows=\count294
\c@LT@tables=\count295
\c@LT@chunks=\count296
\LT@p@ftn=\toks24
) (C:\Users\jeffr\AppData\Local\Programs\MiKTeX\tex/latex/booktabs\booktabs.sty
Package: booktabs 2020/01/12 v1.61803398 Publication quality tables
\heavyrulewidth=\dimen159
\lightrulewidth=\dimen160
\cmidrulewidth=\dimen161
\belowrulesep=\dimen162
\belowbottomsep=\dimen163
\aboverulesep=\dimen164
\abovetopsep=\dimen165
\cmidrulesep=\dimen166
\cmidrulekern=\dimen167
\defaultaddspace=\dimen168
\@cmidla=\count297
\@cmidlb=\count298
\@aboverulesep=\dimen169
\@belowrulesep=\dimen170
\@thisruleclass=\count299
\@lastruleclass=\count300
\@thisrulewidth=\dimen171
) (C:\Users\jeffr\AppData\Local\Programs\MiKTeX\tex/latex/tools\array.sty
Package: array 2022/09/04 v2.5g Tabular extension package (FMi)
\col@sep=\dimen172
\ar@mcellbox=\box61
\extrarowheight=\dimen173
\NC@list=\toks25
\extratabsurround=\skip58
\backup@length=\skip59
\ar@cellbox=\box62
) (C:\Users\jeffr\AppData\Local\Programs\MiKTeX\tex/latex/tools\calc.sty
Package: calc 2017/05/25 v4.3 Infix arithmetic (KKT,FJ)
\calc@Acount=\count301
\calc@Bcount=\count302
\calc@Adimen=\dimen174
\calc@Bdimen=\dimen175
\calc@Askip=\skip60
\calc@Bskip=\skip61
LaTeX Info: Redefining \setlength on input line 80.
LaTeX Info: Redefining \addtolength on input line 81.
\calc@Ccount=\count303
\calc@Cskip=\skip62
)
(C:\Users\jeffr\AppData\Local\Programs\MiKTeX\tex/latex/footnotehyper\footnoteh
yper.sty
Package: footnotehyper 2021/08/13 v1.1e hyperref aware footnote.sty (JFB)
\FNH@notes=\box63
\FNH@width=\dimen176
\FNH@toks=\toks26
) (C:\Users\jeffr\AppData\Local\Programs\MiKTeX\tex/latex/graphics\graphicx.sty
Package: graphicx 2021/09/16 v1.2d Enhanced LaTeX Graphics (DPC,SPQR)
(C:\Users\jeffr\AppData\Local\Programs\MiKTeX\tex/latex/graphics\graphics.sty
Package: graphics 2022/03/10 v1.4e Standard LaTeX Graphics (DPC,SPQR)
(C:\Users\jeffr\AppData\Local\Programs\MiKTeX\tex/latex/graphics\trig.sty
Package: trig 2021/08/11 v1.11 sin cos tan (DPC)
)
(C:\Users\jeffr\AppData\Local\Programs\MiKTeX\tex/latex/graphics-cfg\graphics.c
fg
File: graphics.cfg 2016/06/04 v1.11 sample graphics configuration
)
Package graphics Info: Driver file: xetex.def on input line 107.
)
\Gin@req@height=\dimen177
\Gin@req@width=\dimen178
) (C:\Users\jeffr\AppData\Local\Programs\MiKTeX\tex/latex/amscls\amsthm.sty
Package: amsthm 2020/05/29 v2.20.6
\thm@style=\toks27
\thm@bodyfont=\toks28
\thm@headfont=\toks29
\thm@notefont=\toks30
\thm@headpunct=\toks31
\thm@preskip=\skip63
\thm@postskip=\skip64
\thm@headsep=\skip65
\dth@everypar=\toks32
) (C:\Users\jeffr\AppData\Local\Programs\MiKTeX\tex/latex/natbib\natbib.sty
Package: natbib 2010/09/13 8.31b (PWD, AO)
\bibhang=\skip66
\bibsep=\skip67
LaTeX Info: Redefining \cite on input line 694.
\c@NAT@ctr=\count304
) (C:\Users\jeffr\AppData\Local\Programs\MiKTeX\tex/latex/bookmark\bookmark.sty
Package: bookmark 2020-11-06 v1.29 PDF bookmarks (HO)
(C:\Users\jeffr\AppData\Local\Programs\MiKTeX\tex/latex/hyperref\hyperref.sty
Package: hyperref 2023-02-07 v7.00v Hypertext links for LaTeX

(C:\Users\jeffr\AppData\Local\Programs\MiKTeX\tex/generic/pdftexcmds\pdftexcmds
.sty
Package: pdftexcmds 2020-06-27 v0.33 Utility functions of pdfTeX for LuaTeX (HO
)

(C:\Users\jeffr\AppData\Local\Programs\MiKTeX\tex/generic/infwarerr\infwarerr.s
ty
Package: infwarerr 2019/12/03 v1.5 Providing info/warning/error messages (HO)
)
Package pdftexcmds Info: \pdf@primitive is available.
Package pdftexcmds Info: \pdf@ifprimitive is available.
Package pdftexcmds Info: \pdfdraftmode not found.
)
(C:\Users\jeffr\AppData\Local\Programs\MiKTeX\tex/generic/kvdefinekeys\kvdefine
keys.sty
Package: kvdefinekeys 2019-12-19 v1.6 Define keys (HO)
)
(C:\Users\jeffr\AppData\Local\Programs\MiKTeX\tex/generic/pdfescape\pdfescape.s
ty
Package: pdfescape 2019/12/09 v1.15 Implements pdfTeX's escape features (HO)
) (C:\Users\jeffr\AppData\Local\Programs\MiKTeX\tex/latex/hycolor\hycolor.sty
Package: hycolor 2020-01-27 v1.10 Color options for hyperref/bookmark (HO)
)
(C:\Users\jeffr\AppData\Local\Programs\MiKTeX\tex/latex/letltxmacro\letltxmacro
.sty
Package: letltxmacro 2019/12/03 v1.6 Let assignment for LaTeX macros (HO)
) (C:\Users\jeffr\AppData\Local\Programs\MiKTeX\tex/latex/auxhook\auxhook.sty
Package: auxhook 2019-12-17 v1.6 Hooks for auxiliary files (HO)
) (C:\Users\jeffr\AppData\Local\Programs\MiKTeX\tex/latex/hyperref\nameref.sty
Package: nameref 2022-05-17 v2.50 Cross-referencing by name of section
(C:\Users\jeffr\AppData\Local\Programs\MiKTeX\tex/latex/refcount\refcount.sty
Package: refcount 2019/12/15 v3.6 Data extraction from label references (HO)
)
(C:\Users\jeffr\AppData\Local\Programs\MiKTeX\tex/generic/gettitlestring\gettit
lestring.sty
Package: gettitlestring 2019/12/15 v1.6 Cleanup title references (HO)
)
\c@section@level=\count305
)
\@linkdim=\dimen179
\Hy@linkcounter=\count306
\Hy@pagecounter=\count307
(C:\Users\jeffr\AppData\Local\Programs\MiKTeX\tex/latex/hyperref\pd1enc.def
File: pd1enc.def 2023-02-07 v7.00v Hyperref: PDFDocEncoding definition (HO)
) (C:\Users\jeffr\AppData\Local\Programs\MiKTeX\tex/generic/intcalc\intcalc.sty
Package: intcalc 2019/12/15 v1.3 Expandable calculations with integers (HO)
)
(C:\Users\jeffr\AppData\Local\Programs\MiKTeX\tex/generic/etexcmds\etexcmds.sty
Package: etexcmds 2019/12/15 v1.7 Avoid name clashes with e-TeX commands (HO)
)
\Hy@SavedSpaceFactor=\count308
(C:\Users\jeffr\AppData\Local\Programs\MiKTeX\tex/latex/hyperref\puenc.def
File: puenc.def 2023-02-07 v7.00v Hyperref: PDF Unicode definition (HO)
)
Package hyperref Info: Option `unicode' set `true' on input line 4060.
Package hyperref Info: Hyper figures OFF on input line 4177.
Package hyperref Info: Link nesting OFF on input line 4182.
Package hyperref Info: Hyper index ON on input line 4185.
Package hyperref Info: Plain pages OFF on input line 4192.
Package hyperref Info: Backreferencing OFF on input line 4197.
Package hyperref Info: Implicit mode ON; LaTeX internals redefined.
Package hyperref Info: Bookmarks ON on input line 4425.
\c@Hy@tempcnt=\count309
(C:\Users\jeffr\AppData\Local\Programs\MiKTeX\tex/latex/url\url.sty
\Urlmuskip=\muskip18
Package: url 2013/09/16  ver 3.4  Verb mode for urls, etc.
)
LaTeX Info: Redefining \url on input line 4763.
\XeTeXLinkMargin=\dimen180
(C:\Users\jeffr\AppData\Local\Programs\MiKTeX\tex/generic/bitset\bitset.sty
Package: bitset 2019/12/09 v1.3 Handle bit-vector datatype (HO)

(C:\Users\jeffr\AppData\Local\Programs\MiKTeX\tex/generic/bigintcalc\bigintcalc
.sty
Package: bigintcalc 2019/12/15 v1.5 Expandable calculations on big integers (HO
)
))
\Fld@menulength=\count310
\Field@Width=\dimen181
\Fld@charsize=\dimen182
Package hyperref Info: Hyper figures OFF on input line 6042.
Package hyperref Info: Link nesting OFF on input line 6047.
Package hyperref Info: Hyper index ON on input line 6050.
Package hyperref Info: backreferencing OFF on input line 6057.
Package hyperref Info: Link coloring OFF on input line 6062.
Package hyperref Info: Link coloring with OCG OFF on input line 6067.
Package hyperref Info: PDF/A mode OFF on input line 6072.
(C:\Users\jeffr\AppData\Local\Programs\MiKTeX\tex/latex/base\atbegshi-ltx.sty
Package: atbegshi-ltx 2021/01/10 v1.0c Emulation of the original atbegshi
package with kernel methods
)
\Hy@abspage=\count311
\c@Item=\count312
\c@Hfootnote=\count313
)
Package hyperref Info: Driver (autodetected): hxetex.
(C:\Users\jeffr\AppData\Local\Programs\MiKTeX\tex/latex/hyperref\hxetex.def
File: hxetex.def 2023-02-07 v7.00v Hyperref driver for XeTeX

(C:\Users\jeffr\AppData\Local\Programs\MiKTeX\tex/generic/stringenc\stringenc.s
ty
Package: stringenc 2019/11/29 v1.12 Convert strings between diff. encodings (HO
)
)
\pdfm@box=\box64
\c@Hy@AnnotLevel=\count314
\HyField@AnnotCount=\count315
\Fld@listcount=\count316
\c@bookmark@seq@number=\count317

(C:\Users\jeffr\AppData\Local\Programs\MiKTeX\tex/latex/rerunfilecheck\rerunfil
echeck.sty
Package: rerunfilecheck 2022-07-10 v1.10 Rerun checks for auxiliary files (HO)
(C:\Users\jeffr\AppData\Local\Programs\MiKTeX\tex/latex/base\atveryend-ltx.sty
Package: atveryend-ltx 2020/08/19 v1.0a Emulation of the original atveryend pac
kage
with kernel methods
)
(C:\Users\jeffr\AppData\Local\Programs\MiKTeX\tex/generic/uniquecounter\uniquec
ounter.sty
Package: uniquecounter 2019/12/15 v1.4 Provide unlimited unique counter (HO)
)
Package uniquecounter Info: New unique counter `rerunfilecheck' on input line 2
85.
)
\Hy@SectionHShift=\skip68
)
(C:\Users\jeffr\AppData\Local\Programs\MiKTeX\tex/latex/bookmark\bkm-dvipdfm.de
f
File: bkm-dvipdfm.def 2020-11-06 v1.29 bookmark driver for dvipdfm (HO)
\BKM@id=\count318
)) (C:\Users\jeffr\AppData\Local\Programs\MiKTeX\tex/latex/xurl\xurl.sty
Package: xurl 2022/01/09 v 0.10 modify URL breaks
) (bookdown-demo.aux)
\openout1 = `bookdown-demo.aux'.

LaTeX Font Info:    Checking defaults for OML/cmm/m/it on input line 132.
LaTeX Font Info:    ... okay on input line 132.
LaTeX Font Info:    Checking defaults for OMS/cmsy/m/n on input line 132.
LaTeX Font Info:    ... okay on input line 132.
LaTeX Font Info:    Checking defaults for OT1/cmr/m/n on input line 132.
LaTeX Font Info:    ... okay on input line 132.
LaTeX Font Info:    Checking defaults for T1/cmr/m/n on input line 132.
LaTeX Font Info:    ... okay on input line 132.
LaTeX Font Info:    Checking defaults for TS1/cmr/m/n on input line 132.
LaTeX Font Info:    ... okay on input line 132.
LaTeX Font Info:    Checking defaults for TU/lmr/m/n on input line 132.
LaTeX Font Info:    ... okay on input line 132.
LaTeX Font Info:    Checking defaults for OMX/cmex/m/n on input line 132.
LaTeX Font Info:    ... okay on input line 132.
LaTeX Font Info:    Checking defaults for U/cmr/m/n on input line 132.
LaTeX Font Info:    ... okay on input line 132.
LaTeX Font Info:    Checking defaults for PD1/pdf/m/n on input line 132.
LaTeX Font Info:    ... okay on input line 132.
LaTeX Font Info:    Checking defaults for PU/pdf/m/n on input line 132.
LaTeX Font Info:    ... okay on input line 132.
LaTeX Font Info:    Overwriting math alphabet `\mathrm' in version `normal'
(Font)                  OT1/lmr/m/n --> TU/lmr/m/n on input line 132.
LaTeX Font Info:    Overwriting math alphabet `\mathit' in version `normal'
(Font)                  OT1/lmr/m/it --> TU/lmr/m/it on input line 132.
LaTeX Font Info:    Overwriting math alphabet `\mathbf' in version `normal'
(Font)                  OT1/lmr/bx/n --> TU/lmr/bx/n on input line 132.
LaTeX Font Info:    Overwriting math alphabet `\mathsf' in version `normal'
(Font)                  OT1/lmss/m/n --> TU/lmss/m/n on input line 132.
LaTeX Font Info:    Overwriting math alphabet `\mathsf' in version `bold'
(Font)                  OT1/lmss/bx/n --> TU/lmss/bx/n on input line 132.
LaTeX Font Info:    Overwriting math alphabet `\mathtt' in version `normal'
(Font)                  OT1/lmtt/m/n --> TU/lmtt/m/n on input line 132.
LaTeX Font Info:    Overwriting math alphabet `\mathtt' in version `bold'
(Font)                  OT1/lmtt/m/n --> TU/lmtt/bx/n on input line 132.

Package fontspec Info: latinmodern-math scale = 0.9999964596882403.


Package fontspec Info: latinmodern-math scale = 0.9999964596882403.


Package fontspec Info: latinmodern-math scale = 0.9999964596882403.


Package fontspec Info: Font family 'latinmodern-math.otf(0)' created for font
(fontspec)             'latinmodern-math.otf' with options
(fontspec)             [Scale=MatchLowercase,BoldItalicFont={},ItalicFont={},Sm
allCapsFont={},Script=Math,BoldFont={latinmodern-math.otf}].
(fontspec)              
(fontspec)              This font family consists of the following NFSS
(fontspec)             series/shapes:
(fontspec)              
(fontspec)             - 'normal' (m/n) with NFSS spec.:
(fontspec)             <->s*[0.9999964596882403]"[latinmodern-math.otf]/OT:scri
pt=math;language=dflt;"
(fontspec)             - 'small caps'  (m/sc) with NFSS spec.: 
(fontspec)             - 'bold' (b/n) with NFSS spec.:
(fontspec)             <->s*[0.9999964596882403]"[latinmodern-math.otf]/OT:scri
pt=math;language=dflt;"
(fontspec)             - 'bold small caps'  (b/sc) with NFSS spec.: 

LaTeX Font Info:    Font shape `TU/latinmodern-math.otf(0)/m/n' will be
(Font)              scaled to size 10.0pt on input line 132.

Package fontspec Info: latinmodern-math scale = 0.9999964596882403.


Package fontspec Info: latinmodern-math scale = 0.9999964596882403.


Package fontspec Info: latinmodern-math scale = 0.9999964596882403.


Package fontspec Info: latinmodern-math scale = 0.9999964596882403.


Package fontspec Info: latinmodern-math scale = 0.9999964596882403.


Package fontspec Info: Font family 'latinmodern-math.otf(1)' created for font
(fontspec)             'latinmodern-math.otf' with options
(fontspec)             [Scale=MatchLowercase,BoldItalicFont={},ItalicFont={},Sm
allCapsFont={},Script=Math,SizeFeatures={{Size=8.5-},{Size=6-8.5,Font=latinmode
rn-math.otf,Style=MathScript},{Size=-6,Font=latinmodern-math.otf,Style=MathScri
ptScript}},BoldFont={latinmodern-math.otf}].
(fontspec)              
(fontspec)              This font family consists of the following NFSS
(fontspec)             series/shapes:
(fontspec)              
(fontspec)             - 'normal' (m/n) with NFSS spec.:
(fontspec)             <8.5->s*[0.9999964596882403]"[latinmodern-math.otf]/OT:s
cript=math;language=dflt;"<6-8.5>s*[0.9999964596882403]"[latinmodern-math.otf]/
OT:script=math;language=dflt;+ssty=0;"<-6>s*[0.9999964596882403]"[latinmodern-m
ath.otf]/OT:script=math;language=dflt;+ssty=1;"
(fontspec)             - 'small caps'  (m/sc) with NFSS spec.: 
(fontspec)             - 'bold' (b/n) with NFSS spec.:
(fontspec)             <->s*[0.9999964596882403]"[latinmodern-math.otf]/OT:scri
pt=math;language=dflt;"
(fontspec)             - 'bold small caps'  (b/sc) with NFSS spec.: 

LaTeX Font Info:    Font shape `TU/latinmodern-math.otf(1)/m/n' will be
(Font)              scaled to size 10.0pt on input line 132.
LaTeX Font Info:    Encoding `OT1' has changed to `TU' for symbol font
(Font)              `operators' in the math version `normal' on input line 132.

LaTeX Font Info:    Overwriting symbol font `operators' in version `normal'
(Font)                  OT1/lmr/m/n --> TU/latinmodern-math.otf(1)/m/n on input
 line 132.
LaTeX Font Info:    Encoding `OT1' has changed to `TU' for symbol font
(Font)              `operators' in the math version `bold' on input line 132.
LaTeX Font Info:    Overwriting symbol font `operators' in version `bold'
(Font)                  OT1/lmr/bx/n --> TU/latinmodern-math.otf(1)/b/n on inpu
t line 132.

Package fontspec Info: latinmodern-math scale = 0.9999964596882403.


Package fontspec Info: latinmodern-math scale = 1.000096459334209.


Package fontspec Info: latinmodern-math scale = 0.9999964596882403.


Package fontspec Info: latinmodern-math scale = 1.000096459334209.


Package fontspec Info: latinmodern-math scale = 0.9999964596882403.


Package fontspec Info: latinmodern-math scale = 1.000096459334209.


Package fontspec Info: latinmodern-math scale = 0.9999964596882403.


Package fontspec Info: latinmodern-math scale = 1.000096459334209.


Package fontspec Info: latinmodern-math scale = 0.9999964596882403.


Package fontspec Info: latinmodern-math scale = 1.000096459334209.


Package fontspec Info: Font family 'latinmodern-math.otf(2)' created for font
(fontspec)             'latinmodern-math.otf' with options
(fontspec)             [Scale=MatchLowercase,BoldItalicFont={},ItalicFont={},Sm
allCapsFont={},Script=Math,SizeFeatures={{Size=8.5-},{Size=6-8.5,Font=latinmode
rn-math.otf,Style=MathScript},{Size=-6,Font=latinmodern-math.otf,Style=MathScri
ptScript}},BoldFont={latinmodern-math.otf},ScaleAgain=1.0001,FontAdjustment={\f
ontdimen
(fontspec)             8\font =6.77pt\relax \fontdimen 9\font =3.94pt\relax
(fontspec)             \fontdimen 10\font =4.44pt\relax \fontdimen 11\font
(fontspec)             =6.86pt\relax \fontdimen 12\font =3.45pt\relax
(fontspec)             \fontdimen 13\font =3.63pt\relax \fontdimen 14\font
(fontspec)             =3.63pt\relax \fontdimen 15\font =2.89pt\relax
(fontspec)             \fontdimen 16\font =2.47pt\relax \fontdimen 17\font
(fontspec)             =2.47pt\relax \fontdimen 18\font =2.5pt\relax
(fontspec)             \fontdimen 19\font =2.0pt\relax \fontdimen 22\font
(fontspec)             =2.5pt\relax \fontdimen 20\font =0pt\relax \fontdimen
(fontspec)             21\font =0pt\relax }].
(fontspec)              
(fontspec)              This font family consists of the following NFSS
(fontspec)             series/shapes:
(fontspec)              
(fontspec)             - 'normal' (m/n) with NFSS spec.:
(fontspec)             <8.5->s*[1.000096459334209]"[latinmodern-math.otf]/OT:sc
ript=math;language=dflt;"<6-8.5>s*[1.000096459334209]"[latinmodern-math.otf]/OT
:script=math;language=dflt;+ssty=0;"<-6>s*[1.000096459334209]"[latinmodern-math
.otf]/OT:script=math;language=dflt;+ssty=1;"
(fontspec)             - 'small caps'  (m/sc) with NFSS spec.: 
(fontspec)             and font adjustment code:
(fontspec)             \fontdimen 8\font =6.77pt\relax \fontdimen 9\font
(fontspec)             =3.94pt\relax \fontdimen 10\font =4.44pt\relax
(fontspec)             \fontdimen 11\font =6.86pt\relax \fontdimen 12\font
(fontspec)             =3.45pt\relax \fontdimen 13\font =3.63pt\relax
(fontspec)             \fontdimen 14\font =3.63pt\relax \fontdimen 15\font
(fontspec)             =2.89pt\relax \fontdimen 16\font =2.47pt\relax
(fontspec)             \fontdimen 17\font =2.47pt\relax \fontdimen 18\font
(fontspec)             =2.5pt\relax \fontdimen 19\font =2.0pt\relax \fontdimen
(fontspec)             22\font =2.5pt\relax \fontdimen 20\font =0pt\relax
(fontspec)             \fontdimen 21\font =0pt\relax 
(fontspec)             - 'bold' (b/n) with NFSS spec.:
(fontspec)             <->s*[1.000096459334209]"[latinmodern-math.otf]/OT:scrip
t=math;language=dflt;"
(fontspec)             - 'bold small caps'  (b/sc) with NFSS spec.: 
(fontspec)             and font adjustment code:
(fontspec)             \fontdimen 8\font =6.77pt\relax \fontdimen 9\font
(fontspec)             =3.94pt\relax \fontdimen 10\font =4.44pt\relax
(fontspec)             \fontdimen 11\font =6.86pt\relax \fontdimen 12\font
(fontspec)             =3.45pt\relax \fontdimen 13\font =3.63pt\relax
(fontspec)             \fontdimen 14\font =3.63pt\relax \fontdimen 15\font
(fontspec)             =2.89pt\relax \fontdimen 16\font =2.47pt\relax
(fontspec)             \fontdimen 17\font =2.47pt\relax \fontdimen 18\font
(fontspec)             =2.5pt\relax \fontdimen 19\font =2.0pt\relax \fontdimen
(fontspec)             22\font =2.5pt\relax \fontdimen 20\font =0pt\relax
(fontspec)             \fontdimen 21\font =0pt\relax 

LaTeX Font Info:    Encoding `OMS' has changed to `TU' for symbol font
(Font)              `symbols' in the math version `normal' on input line 132.
LaTeX Font Info:    Overwriting symbol font `symbols' in version `normal'
(Font)                  OMS/lmsy/m/n --> TU/latinmodern-math.otf(2)/m/n on inpu
t line 132.
LaTeX Font Info:    Encoding `OMS' has changed to `TU' for symbol font
(Font)              `symbols' in the math version `bold' on input line 132.
LaTeX Font Info:    Overwriting symbol font `symbols' in version `bold'
(Font)                  OMS/lmsy/b/n --> TU/latinmodern-math.otf(2)/b/n on inpu
t line 132.

Package fontspec Info: latinmodern-math scale = 0.9999964596882403.


Package fontspec Info: latinmodern-math scale = 0.9998964600422715.


Package fontspec Info: latinmodern-math scale = 0.9999964596882403.


Package fontspec Info: latinmodern-math scale = 0.9998964600422715.


Package fontspec Info: latinmodern-math scale = 0.9999964596882403.


Package fontspec Info: latinmodern-math scale = 0.9998964600422715.


Package fontspec Info: latinmodern-math scale = 0.9999964596882403.


Package fontspec Info: latinmodern-math scale = 0.9998964600422715.


Package fontspec Info: latinmodern-math scale = 0.9999964596882403.


Package fontspec Info: latinmodern-math scale = 0.9998964600422715.


Package fontspec Info: Font family 'latinmodern-math.otf(3)' created for font
(fontspec)             'latinmodern-math.otf' with options
(fontspec)             [Scale=MatchLowercase,BoldItalicFont={},ItalicFont={},Sm
allCapsFont={},Script=Math,SizeFeatures={{Size=8.5-},{Size=6-8.5,Font=latinmode
rn-math.otf,Style=MathScript},{Size=-6,Font=latinmodern-math.otf,Style=MathScri
ptScript}},BoldFont={latinmodern-math.otf},ScaleAgain=0.9999,FontAdjustment={\f
ontdimen
(fontspec)             8\font =0.4pt\relax \fontdimen 9\font =2.0pt\relax
(fontspec)             \fontdimen 10\font =1.67pt\relax \fontdimen 11\font
(fontspec)             =1.11pt\relax \fontdimen 12\font =6.0pt\relax
(fontspec)             \fontdimen 13\font =0pt\relax }].
(fontspec)              
(fontspec)              This font family consists of the following NFSS
(fontspec)             series/shapes:
(fontspec)              
(fontspec)             - 'normal' (m/n) with NFSS spec.:
(fontspec)             <8.5->s*[0.9998964600422715]"[latinmodern-math.otf]/OT:s
cript=math;language=dflt;"<6-8.5>s*[0.9998964600422715]"[latinmodern-math.otf]/
OT:script=math;language=dflt;+ssty=0;"<-6>s*[0.9998964600422715]"[latinmodern-m
ath.otf]/OT:script=math;language=dflt;+ssty=1;"
(fontspec)             - 'small caps'  (m/sc) with NFSS spec.: 
(fontspec)             and font adjustment code:
(fontspec)             \fontdimen 8\font =0.4pt\relax \fontdimen 9\font
(fontspec)             =2.0pt\relax \fontdimen 10\font =1.67pt\relax
(fontspec)             \fontdimen 11\font =1.11pt\relax \fontdimen 12\font
(fontspec)             =6.0pt\relax \fontdimen 13\font =0pt\relax 
(fontspec)             - 'bold' (b/n) with NFSS spec.:
(fontspec)             <->s*[0.9998964600422715]"[latinmodern-math.otf]/OT:scri
pt=math;language=dflt;"
(fontspec)             - 'bold small caps'  (b/sc) with NFSS spec.: 
(fontspec)             and font adjustment code:
(fontspec)             \fontdimen 8\font =0.4pt\relax \fontdimen 9\font
(fontspec)             =2.0pt\relax \fontdimen 10\font =1.67pt\relax
(fontspec)             \fontdimen 11\font =1.11pt\relax \fontdimen 12\font
(fontspec)             =6.0pt\relax \fontdimen 13\font =0pt\relax 

LaTeX Font Info:    Encoding `OMX' has changed to `TU' for symbol font
(Font)              `largesymbols' in the math version `normal' on input line 1
32.
LaTeX Font Info:    Overwriting symbol font `largesymbols' in version `normal'
(Font)                  OMX/lmex/m/n --> TU/latinmodern-math.otf(3)/m/n on inpu
t line 132.
LaTeX Font Info:    Encoding `OMX' has changed to `TU' for symbol font
(Font)              `largesymbols' in the math version `bold' on input line 132
.
LaTeX Font Info:    Overwriting symbol font `largesymbols' in version `bold'
(Font)                  OMX/lmex/m/n --> TU/latinmodern-math.otf(3)/b/n on inpu
t line 132.
LaTeX Info: Redefining \microtypecontext on input line 132.
Package microtype Info: Applying patch `item' on input line 132.
Package microtype Info: Applying patch `toc' on input line 132.
Package microtype Info: Applying patch `eqnum' on input line 132.
Package microtype Info: Applying patch `footnote' on input line 132.
Package microtype Info: Applying patch `verbatim' on input line 132.
Package microtype Info: Character protrusion enabled (level 2).
Package microtype Info: Using protrusion set `basicmath'.
Package microtype Info: No adjustment of tracking.
Package microtype Info: No adjustment of spacing.
Package microtype Info: No adjustment of kerning.

(C:\Users\jeffr\AppData\Local\Programs\MiKTeX\tex/latex/microtype\mt-LatinModer
nRoman.cfg
File: mt-LatinModernRoman.cfg 2021/02/21 v1.1 microtype config. file: Latin Mod
ern Roman (RS)
)
Package hyperref Info: Link coloring OFF on input line 132.
LaTeX Font Info:    Font shape `TU/latinmodern-math.otf(1)/m/n' will be
(Font)              scaled to size 12.0pt on input line 134.
LaTeX Font Info:    Font shape `TU/latinmodern-math.otf(1)/m/n' will be
(Font)              scaled to size 8.0pt on input line 134.
LaTeX Font Info:    Font shape `TU/latinmodern-math.otf(1)/m/n' will be
(Font)              scaled to size 6.0pt on input line 134.
LaTeX Font Info:    Trying to load font information for OML+lmm on input line 1
34.
(C:\Users\jeffr\AppData\Local\Programs\MiKTeX\tex/latex/lm\omllmm.fd
File: omllmm.fd 2015/05/01 v1.6.1 Font defs for Latin Modern
)
LaTeX Font Info:    Font shape `TU/latinmodern-math.otf(2)/m/n' will be
(Font)              scaled to size 12.0011pt on input line 134.
LaTeX Font Info:    Font shape `TU/latinmodern-math.otf(2)/m/n' will be
(Font)              scaled to size 8.00073pt on input line 134.
LaTeX Font Info:    Font shape `TU/latinmodern-math.otf(2)/m/n' will be
(Font)              scaled to size 6.00055pt on input line 134.
LaTeX Font Info:    Font shape `TU/latinmodern-math.otf(3)/m/n' will be
(Font)              scaled to size 11.99872pt on input line 134.
LaTeX Font Info:    Font shape `TU/latinmodern-math.otf(3)/m/n' will be
(Font)              scaled to size 7.99915pt on input line 134.
LaTeX Font Info:    Font shape `TU/latinmodern-math.otf(3)/m/n' will be
(Font)              scaled to size 5.99936pt on input line 134.
LaTeX Font Info:    Trying to load font information for U+msa on input line 134
.
(C:\Users\jeffr\AppData\Local\Programs\MiKTeX\tex/latex/amsfonts\umsa.fd
File: umsa.fd 2013/01/14 v3.01 AMS symbols A
) (C:\Users\jeffr\AppData\Local\Programs\MiKTeX\tex/latex/microtype\mt-msa.cfg
File: mt-msa.cfg 2006/02/04 v1.1 microtype config. file: AMS symbols (a) (RS)
)
LaTeX Font Info:    Trying to load font information for U+msb on input line 134
.
(C:\Users\jeffr\AppData\Local\Programs\MiKTeX\tex/latex/amsfonts\umsb.fd
File: umsb.fd 2013/01/14 v3.01 AMS symbols B
) (C:\Users\jeffr\AppData\Local\Programs\MiKTeX\tex/latex/microtype\mt-msb.cfg
File: mt-msb.cfg 2005/06/01 v1.0 microtype config. file: AMS symbols (b) (RS)
) [1


] [2

] (bookdown-demo.toc
LaTeX Font Info:    Font shape `TU/latinmodern-math.otf(1)/m/n' will be
(Font)              scaled to size 7.0pt on input line 2.
LaTeX Font Info:    Font shape `TU/latinmodern-math.otf(1)/m/n' will be
(Font)              scaled to size 5.0pt on input line 2.
LaTeX Font Info:    Font shape `TU/latinmodern-math.otf(2)/m/n' will be
(Font)              scaled to size 10.00092pt on input line 2.
LaTeX Font Info:    Font shape `TU/latinmodern-math.otf(2)/m/n' will be
(Font)              scaled to size 7.00064pt on input line 2.
LaTeX Font Info:    Font shape `TU/latinmodern-math.otf(2)/m/n' will be
(Font)              scaled to size 5.00046pt on input line 2.
LaTeX Font Info:    Font shape `TU/latinmodern-math.otf(3)/m/n' will be
(Font)              scaled to size 9.99893pt on input line 2.
LaTeX Font Info:    Font shape `TU/latinmodern-math.otf(3)/m/n' will be
(Font)              scaled to size 6.99925pt on input line 2.
LaTeX Font Info:    Font shape `TU/latinmodern-math.otf(3)/m/n' will be
(Font)              scaled to size 4.99947pt on input line 2.
[3] [4])
\tf@toc=\write4
\openout4 = `bookdown-demo.toc'.

[5] [6

]
LaTeX Font Info:    Font shape `TU/lmtt/bx/n' in size <10> not available
(Font)              Font shape `TU/lmtt/b/n' tried instead on input line 161.

LaTeX Font Warning: Font shape `TU/lmtt/bx/it' in size <10> not available
(Font)              Font shape `TU/lmtt/b/sl' tried instead on input line 164.

[7]
Overfull \hbox (1.5pt too wide) in paragraph at lines 195--195
[]\TU/lmtt/m/n/10 ## lm(formula = total_pr ~ cond + stock_photo + duration + wh
eels,[] 
 []


Overfull \hbox (80.25pt too wide) in paragraph at lines 195--195
[]\TU/lmtt/m/n/10 ##    (Intercept)        condused  stock_photoyes        dura
tion          wheels[] 
 []


Overfull \hbox (80.25pt too wide) in paragraph at lines 195--195
[]\TU/lmtt/m/n/10 ##        43.5201         -2.5816         -6.7542          0.
3788          9.9476[] 
 []

[8]
Overfull \hbox (27.75pt too wide) in paragraph at lines 254--254
[]\TU/lmtt/m/n/10 ## Call:  glm(formula = received_callback ~ job_city + colleg
e_degree +[] 
 []


Overfull \hbox (48.75pt too wide) in paragraph at lines 254--254
[]\TU/lmtt/m/n/10 ##     years_experience + race + gender, family = "binomial",
 data = Data2)[] 
 []


Overfull \hbox (38.25pt too wide) in paragraph at lines 254--254
[]\TU/lmtt/m/n/10 ##      (Intercept)   job_cityChicago    college_degree  year
s_experience[] 
 []


Overfull \hbox (38.25pt too wide) in paragraph at lines 254--254
[]\TU/lmtt/m/n/10 ##         -2.63974          -0.39206          -0.06550      
     0.03152[] 
 []


Overfull \hbox (3.97585pt too wide) detected at line 260
[][][][] [] [][][][][][][][] [] [][][][][][][][][] [] [][][][][][][][] [] [][][
][][][][][][] [] [][][][][][][][][] [] [][][][][][][][][]
 []

[9] [10]
Underfull \vbox (badness 2452) has occurred while \output is active []

[11] [12]
Chapter 1.
[13

]
File: bookdown-demo_files/figure-latex/dotplot-1.pdf Graphic file (type pdf)
<use bookdown-demo_files/figure-latex/dotplot-1.pdf>
[14] [15]
File: bookdown-demo_files/figure-latex/hist-1.pdf Graphic file (type pdf)
<use bookdown-demo_files/figure-latex/hist-1.pdf>
[16]
File: bookdown-demo_files/figure-latex/hist05-1.pdf Graphic file (type pdf)
<use bookdown-demo_files/figure-latex/hist05-1.pdf>
[17]
File: bookdown-demo_files/figure-latex/dens-1.pdf Graphic file (type pdf)
<use bookdown-demo_files/figure-latex/dens-1.pdf>
[18] [19]
File: bookdown-demo_files/figure-latex/dens2-1.pdf Graphic file (type pdf)
<use bookdown-demo_files/figure-latex/dens2-1.pdf>
[20] [21]
File: images/01-boxplot.jpeg Graphic file (type bmp)
<images/01-boxplot.jpeg>
[22]
Underfull \vbox (badness 1087) has occurred while \output is active []

[23]
File: bookdown-demo_files/figure-latex/ecdf-1.pdf Graphic file (type pdf)
<use bookdown-demo_files/figure-latex/ecdf-1.pdf>
[24]
File: bookdown-demo_files/figure-latex/ecdfreal-1.pdf Graphic file (type pdf)
<use bookdown-demo_files/figure-latex/ecdfreal-1.pdf>

Underfull \vbox (badness 4036) has occurred while \output is active []

[25] [26] [27] [28] [29] [30

]
Chapter 2.
[31]
File: images/02-cards.jpg Graphic file (type bmp)
<images/02-cards.jpg>
[32]
File: images/02-cardsA.jpg Graphic file (type bmp)
<images/02-cardsA.jpg>
File: images/02-cardsB.jpg Graphic file (type bmp)
<images/02-cardsB.jpg>
[33] [34]
File: images/02-cardsAB.jpg Graphic file (type bmp)
<images/02-cardsAB.jpg>
[35]
File: images/02-cardsBC.jpg Graphic file (type bmp)
<images/02-cardsBC.jpg>
[36] [37]
File: images/02-cardscond.jpg Graphic file (type bmp)
<images/02-cardscond.jpg>
[38] [39]

LaTeX Warning: Reference `eg2' on page 40 undefined on input line 1162.

[40] [41]
File: images/02-tree.jpg Graphic file (type bmp)
<images/02-tree.jpg>
File: images/02-treepath1.jpg Graphic file (type bmp)
<images/02-treepath1.jpg>
File: images/02-treepath2.jpg Graphic file (type bmp)
<images/02-treepath2.jpg>
[42] [43] [44] [45] [46] [47] [48] [49] [50

]
Chapter 3.

Underfull \hbox (badness 1264) in paragraph at lines 1383--1384
\TU/lmr/m/n/10 tails each time. The sample space for this experiment will be $[
] []
 []


Underfull \hbox (badness 4647) in paragraph at lines 1383--1384
[][][][][] [][][][] [][][][] [][][][] [][][][] [][][][] [][][][] [][][][]$\TU/l
mr/m/n/10 . Given that each
 []

[51] [52] [53]
File: bookdown-demo_files/figure-latex/3-pmf-1.pdf Graphic file (type pdf)
<use bookdown-demo_files/figure-latex/3-pmf-1.pdf>

Underfull \vbox (badness 1173) has occurred while \output is active []

[54]
File: bookdown-demo_files/figure-latex/3-sim-1.pdf Graphic file (type pdf)
<use bookdown-demo_files/figure-latex/3-sim-1.pdf>
[55]

LaTeX Warning: Reference `fig:3-cdf' on page 56 undefined on input line 1592.

File: bookdown-demo_files/figure-latex/3-cdf-1.pdf Graphic file (type pdf)
<use bookdown-demo_files/figure-latex/3-cdf-1.pdf>

Underfull \hbox (badness 10000) in paragraph at lines 1594--1596
[][]
 []

[56]

LaTeX Warning: Reference `fig:3-cdf' on page 57 undefined on input line 1612.

[57] [58] [59]
File: bookdown-demo_files/figure-latex/3-pmf-lin-1.pdf Graphic file (type pdf)
<use bookdown-demo_files/figure-latex/3-pmf-lin-1.pdf>
[60]
File: bookdown-demo_files/figure-latex/3-pmf-lin2-1.pdf Graphic file (type pdf)

<use bookdown-demo_files/figure-latex/3-pmf-lin2-1.pdf>
[61] [62] [63] [64] [65]

LaTeX Warning: Reference `eg2' on page 66 undefined on input line 1922.

[66]
File: bookdown-demo_files/figure-latex/3-varBern-1.pdf Graphic file (type pdf)
<use bookdown-demo_files/figure-latex/3-varBern-1.pdf>
[67] [68] [69]
File: bookdown-demo_files/figure-latex/3-pmfs-1.pdf Graphic file (type pdf)
<use bookdown-demo_files/figure-latex/3-pmfs-1.pdf>
[70] [71]
File: bookdown-demo_files/figure-latex/3-pmfs-lambda-1.pdf Graphic file (type p
df)
<use bookdown-demo_files/figure-latex/3-pmfs-lambda-1.pdf>
[72] [73] [74]
Chapter 4.
[75

]
File: bookdown-demo_files/figure-latex/4-compare-1.pdf Graphic file (type pdf)
<use bookdown-demo_files/figure-latex/4-compare-1.pdf>
[76] [77]
File: bookdown-demo_files/figure-latex/4-prob-1.pdf Graphic file (type pdf)
<use bookdown-demo_files/figure-latex/4-prob-1.pdf>
[78]
File: bookdown-demo_files/figure-latex/4-prob2-1.pdf Graphic file (type pdf)
<use bookdown-demo_files/figure-latex/4-prob2-1.pdf>
[79] [80] [81]

LaTeX Warning: Reference `fig:4-symm' on page 82 undefined on input line 2579.

[82]
File: bookdown-demo_files/figure-latex/4-symm-1.pdf Graphic file (type pdf)
<use bookdown-demo_files/figure-latex/4-symm-1.pdf>

Underfull \hbox (badness 10000) in paragraph at lines 2581--2583
[][]
 []

File: bookdown-demo_files/figure-latex/4-kurt-1.pdf Graphic file (type pdf)
<use bookdown-demo_files/figure-latex/4-kurt-1.pdf>
[83] [84]
File: images/04-U.png Graphic file (type bmp)
<images/04-U.png>
File: images/04-Ucdf.png Graphic file (type bmp)
<images/04-Ucdf.png>
[85] [86]
File: bookdown-demo_files/figure-latex/4-universe-1.pdf Graphic file (type pdf)

<use bookdown-demo_files/figure-latex/4-universe-1.pdf>
[87] [88]
File: bookdown-demo_files/figure-latex/4-Z-1.pdf Graphic file (type pdf)
<use bookdown-demo_files/figure-latex/4-Z-1.pdf>
[89] [90]
Missing character: There is no 𝜇 in font [lmroman10-regular]:mapping=tex-text;!
File: bookdown-demo_files/figure-latex/4-rule-1.pdf Graphic file (type pdf)
<use bookdown-demo_files/figure-latex/4-rule-1.pdf>
[91] [92] [93]
Overfull \hbox (38.25pt too wide) in paragraph at lines 3048--3048
[]\TU/lmtt/m/n/10 ##  [1] -1.6907436  1.5545476  5.7635360 -2.3911270  0.759244
7  1.3972609[] 
 []

[94]
File: images/04-KDE.png Graphic file (type bmp)
<images/04-KDE.png>
File: bookdown-demo_files/figure-latex/4-R-1.pdf Graphic file (type pdf)
<use bookdown-demo_files/figure-latex/4-R-1.pdf>
[95]
File: bookdown-demo_files/figure-latex/4-R2-1.pdf Graphic file (type pdf)
<use bookdown-demo_files/figure-latex/4-R2-1.pdf>

LaTeX Warning: Reference `fig:4-R3' on page 96 undefined on input line 3145.

File: bookdown-demo_files/figure-latex/4-R3-1.pdf Graphic file (type pdf)
<use bookdown-demo_files/figure-latex/4-R3-1.pdf>

Underfull \hbox (badness 10000) in paragraph at lines 3156--3158
[][]
 []


Underfull \vbox (badness 10000) has occurred while \output is active []

[96]
Underfull \vbox (badness 2970) has occurred while \output is active []

[97] [98]
Chapter 5.
[99

] [100] [101] [102] [103] [104] [105] [106]
Overfull \hbox (63.16562pt too wide) has occurred while \output is active
\TU/lmr/m/sl/10 5.3.  JOINT, MARGINAL, CONDITIONAL DISTRIBUTIONS FOR CONTINUOUS
 RVS \TU/lmr/m/n/10 107
 []

[107]
File: bookdown-demo_files/figure-latex/5-covs-1.pdf Graphic file (type pdf)
<use bookdown-demo_files/figure-latex/5-covs-1.pdf>
[108]
File: bookdown-demo_files/figure-latex/5-cov0-1.pdf Graphic file (type pdf)
<use bookdown-demo_files/figure-latex/5-cov0-1.pdf>
[109] [110]
File: bookdown-demo_files/figure-latex/5-corrs-1.pdf Graphic file (type pdf)
<use bookdown-demo_files/figure-latex/5-corrs-1.pdf>
[111] [112]
File: bookdown-demo_files/figure-latex/5-condexp-1.pdf Graphic file (type pdf)
<use bookdown-demo_files/figure-latex/5-condexp-1.pdf>
[113] [114] [115]
LaTeX Font Info:    Font shape `TU/latinmodern-math.otf(1)/b/n' will be
(Font)              scaled to size 10.0pt on input line 3969.
LaTeX Font Info:    Font shape `TU/latinmodern-math.otf(1)/b/n' will be
(Font)              scaled to size 7.0pt on input line 3969.
LaTeX Font Info:    Font shape `TU/latinmodern-math.otf(1)/b/n' will be
(Font)              scaled to size 5.0pt on input line 3969.
LaTeX Font Info:    Font shape `TU/latinmodern-math.otf(2)/b/n' will be
(Font)              scaled to size 10.00092pt on input line 3969.
LaTeX Font Info:    Font shape `TU/latinmodern-math.otf(2)/b/n' will be
(Font)              scaled to size 7.00064pt on input line 3969.
LaTeX Font Info:    Font shape `TU/latinmodern-math.otf(2)/b/n' will be
(Font)              scaled to size 5.00046pt on input line 3969.
LaTeX Font Info:    Font shape `TU/latinmodern-math.otf(3)/b/n' will be
(Font)              scaled to size 9.99893pt on input line 3969.
LaTeX Font Info:    Font shape `TU/latinmodern-math.otf(3)/b/n' will be
(Font)              scaled to size 6.99925pt on input line 3969.
LaTeX Font Info:    Font shape `TU/latinmodern-math.otf(3)/b/n' will be
(Font)              scaled to size 4.99947pt on input line 3969.

Underfull \hbox (badness 2277) in paragraph at lines 3982--3983
\TU/lmr/m/n/10 among American voters, 28% identify as Democrats, 29% identify a
s
 []


Underfull \hbox (badness 1701) in paragraph at lines 3982--3983
\TU/lmr/m/n/10 others, and independents. The joint distribution of $[][][] [][]
[] [][][] [][]$ is
 []

[116] [117] [118] [119] [120] [121] [122

]
Chapter 6.
[123]
Overfull \hbox (6.04784pt too wide) has occurred while \output is active
\TU/lmr/m/n/10 124 \TU/lmr/m/sl/10 CHAPTER 6.  INEQUALITIES, LIMIT THEOREMS, AN
D SIMULATIONS
 []

[124] [125]
Underfull \vbox (badness 2452) has occurred while \output is active []


Overfull \hbox (6.04784pt too wide) has occurred while \output is active
\TU/lmr/m/n/10 126 \TU/lmr/m/sl/10 CHAPTER 6.  INEQUALITIES, LIMIT THEOREMS, AN
D SIMULATIONS
 []

[126]
File: images/06-concave.jpeg Graphic file (type bmp)
<images/06-concave.jpeg>
File: images/06-convex.jpeg Graphic file (type bmp)
<images/06-convex.jpeg>
[127]
Overfull \hbox (6.04784pt too wide) has occurred while \output is active
\TU/lmr/m/n/10 128 \TU/lmr/m/sl/10 CHAPTER 6.  INEQUALITIES, LIMIT THEOREMS, AN
D SIMULATIONS
 []

[128] [129]
Overfull \hbox (6.04784pt too wide) has occurred while \output is active
\TU/lmr/m/n/10 130 \TU/lmr/m/sl/10 CHAPTER 6.  INEQUALITIES, LIMIT THEOREMS, AN
D SIMULATIONS
 []

[130] [131]
Overfull \hbox (6.04784pt too wide) has occurred while \output is active
\TU/lmr/m/n/10 132 \TU/lmr/m/sl/10 CHAPTER 6.  INEQUALITIES, LIMIT THEOREMS, AN
D SIMULATIONS
 []

[132] [133]
File: bookdown-demo_files/figure-latex/4-LLN2-1.pdf Graphic file (type pdf)
<use bookdown-demo_files/figure-latex/4-LLN2-1.pdf>

Overfull \hbox (6.04784pt too wide) has occurred while \output is active
\TU/lmr/m/n/10 134 \TU/lmr/m/sl/10 CHAPTER 6.  INEQUALITIES, LIMIT THEOREMS, AN
D SIMULATIONS
 []

[134] [135]
File: bookdown-demo_files/figure-latex/6-CLTnorm-1.pdf Graphic file (type pdf)
<use bookdown-demo_files/figure-latex/6-CLTnorm-1.pdf>
File: bookdown-demo_files/figure-latex/6-CLTpois-1.pdf Graphic file (type pdf)
<use bookdown-demo_files/figure-latex/6-CLTpois-1.pdf>

LaTeX Warning: Reference `fig:6-CLTpois' on page 136 undefined on input line 47
50.


Underfull \hbox (badness 10000) in paragraph at lines 4749--4751
[][]
 []


Overfull \hbox (6.04784pt too wide) has occurred while \output is active
\TU/lmr/m/n/10 136 \TU/lmr/m/sl/10 CHAPTER 6.  INEQUALITIES, LIMIT THEOREMS, AN
D SIMULATIONS
 []

[136] [137]
Overfull \hbox (6.04784pt too wide) has occurred while \output is active
\TU/lmr/m/n/10 138 \TU/lmr/m/sl/10 CHAPTER 6.  INEQUALITIES, LIMIT THEOREMS, AN
D SIMULATIONS
 []

[138]
Overfull \vbox (1.27286pt too high) detected at line 4843
 []

[139]
File: images/06-circle.jpg Graphic file (type bmp)
<images/06-circle.jpg>

Underfull \hbox (badness 2809) in paragraph at lines 4906--4907
[]\TU/lmr/m/n/10 Therefore, after throwing a large number of darts, $[] [] [] [
]
 []


Overfull \hbox (6.04784pt too wide) has occurred while \output is active
\TU/lmr/m/n/10 140 \TU/lmr/m/sl/10 CHAPTER 6.  INEQUALITIES, LIMIT THEOREMS, AN
D SIMULATIONS
 []

[140] [141]
Overfull \hbox (6.04784pt too wide) has occurred while \output is active
\TU/lmr/m/n/10 142 \TU/lmr/m/sl/10 CHAPTER 6.  INEQUALITIES, LIMIT THEOREMS, AN
D SIMULATIONS
 []

[142]
Chapter 7.
[143

]
File: images/07-dataframe.png Graphic file (type bmp)
<images/07-dataframe.png>
[144] [145]
Underfull \vbox (badness 1708) has occurred while \output is active []

[146] [147] [148]
File: bookdown-demo_files/figure-latex/7-MOM-1.pdf Graphic file (type pdf)
<use bookdown-demo_files/figure-latex/7-MOM-1.pdf>
[149] [150] [151]
Underfull \vbox (badness 2478) has occurred while \output is active []

[152] [153]
File: bookdown-demo_files/figure-latex/7-bernlikelihood-1.pdf Graphic file (typ
e pdf)
<use bookdown-demo_files/figure-latex/7-bernlikelihood-1.pdf>
[154] [155] [156] [157] [158] [159] [160]
Underfull \hbox (badness 10000) in paragraph at lines 5635--5637

 []

[161]
File: bookdown-demo_files/figure-latex/7-bias-1.pdf Graphic file (type pdf)
<use bookdown-demo_files/figure-latex/7-bias-1.pdf>
[162] [163]
Underfull \hbox (badness 10000) in paragraph at lines 5804--5806

 []

[164] [165]
File: bookdown-demo_files/figure-latex/7-consistent-1.pdf Graphic file (type pd
f)
<use bookdown-demo_files/figure-latex/7-consistent-1.pdf>

Underfull \vbox (badness 2012) has occurred while \output is active []

[166] [167] [168] [169] [170

]
Chapter 8.
[171] [172]
File: images/08-CI.png Graphic file (type bmp)
<images/08-CI.png>
[173] [174] [175]
File: bookdown-demo_files/figure-latex/8-crit-1.pdf Graphic file (type pdf)
<use bookdown-demo_files/figure-latex/8-crit-1.pdf>
[176] [177] [178] [179] [180]
Underfull \hbox (badness 2980) in paragraph at lines 6324--6325
[]\TU/lmr/m/n/10 The solution to this is fairly intuitive, we use the sample va
riance
 []

File: bookdown-demo_files/figure-latex/8-t-1.pdf Graphic file (type pdf)
<use bookdown-demo_files/figure-latex/8-t-1.pdf>
[181] [182] [183] [184] [185] [186] [187] [188]
Underfull \hbox (badness 1762) in paragraph at lines 6629--6629
[]\TU/lmr/bx/n/12 Estimating Sampling Distributions Using Many
 []

[189]
Underfull \hbox (badness 1365) in paragraph at lines 6671--6673
[]\TU/lmr/m/n/10 Synthesize $[]$ bootstrapped datasets $[][][] [] [] [][]$ wher
e each boot-
 []


Underfull \hbox (badness 1194) in paragraph at lines 6675--6677
[]\TU/lmr/m/n/10 We estimate the true mean of $[]$ by taking the sample mean of

 []

[190]
File: bookdown-demo_files/figure-latex/8-credit-1.pdf Graphic file (type pdf)
<use bookdown-demo_files/figure-latex/8-credit-1.pdf>
[191]
Underfull \vbox (badness 1383) has occurred while \output is active []

[192] [193] [194

]
Chapter 9.
[195] [196] [197] [198] [199]
Underfull \vbox (badness 1072) has occurred while \output is active []

[200]

LaTeX Warning: Reference `fig:9-pvalneq' on page 201 undefined on input line 70
19.


LaTeX Warning: Reference `fig:9-pvalneq' on page 201 undefined on input line 70
25.

File: bookdown-demo_files/figure-latex/9-pvalneq-1.pdf Graphic file (type pdf)
<use bookdown-demo_files/figure-latex/9-pvalneq-1.pdf>

Underfull \hbox (badness 10000) in paragraph at lines 7028--7030
[][]
 []

File: bookdown-demo_files/figure-latex/9-pvalgreater-1.pdf Graphic file (type p
df)
<use bookdown-demo_files/figure-latex/9-pvalgreater-1.pdf>
[201]
File: bookdown-demo_files/figure-latex/9-pvalless-1.pdf Graphic file (type pdf)

<use bookdown-demo_files/figure-latex/9-pvalless-1.pdf>
File: bookdown-demo_files/figure-latex/9-pvaleg-1.pdf Graphic file (type pdf)
<use bookdown-demo_files/figure-latex/9-pvaleg-1.pdf>
[202] [203]
File: images/09-crit_2sided.jpeg Graphic file (type bmp)
<images/09-crit_2sided.jpeg>
[204]
File: images/09-crit_greater.jpeg Graphic file (type bmp)
<images/09-crit_greater.jpeg>
[205]
File: images/09-crit_less.jpeg Graphic file (type bmp)
<images/09-crit_less.jpeg>
[206] [207]
File: bookdown-demo_files/figure-latex/9-pvalworked-1.pdf Graphic file (type pd
f)
<use bookdown-demo_files/figure-latex/9-pvalworked-1.pdf>
[208] [209] [210]
File: bookdown-demo_files/figure-latex/9-pvalworked2-1.pdf Graphic file (type p
df)
<use bookdown-demo_files/figure-latex/9-pvalworked2-1.pdf>
[211] [212]
Overfull \hbox (25.36343pt too wide) has occurred while \output is active
\TU/lmr/m/sl/10 9.4.  ADDITIONAL COMMENTS ON HYPOTHESIS TEST OF PARAMETERS \TU/
lmr/m/n/10 213
 []

[213] [214]
Overfull \hbox (25.36343pt too wide) has occurred while \output is active
\TU/lmr/m/sl/10 9.4.  ADDITIONAL COMMENTS ON HYPOTHESIS TEST OF PARAMETERS \TU/
lmr/m/n/10 215
 []

[215] [216]
Underfull \vbox (badness 10000) has occurred while \output is active []


Overfull \hbox (25.36343pt too wide) has occurred while \output is active
\TU/lmr/m/sl/10 9.4.  ADDITIONAL COMMENTS ON HYPOTHESIS TEST OF PARAMETERS \TU/
lmr/m/n/10 217
 []

[217] [218] [219] [220] [221] [222

]
Chapter 10.
[223]
File: bookdown-demo_files/figure-latex/10-scatter-1.pdf Graphic file (type pdf)

<use bookdown-demo_files/figure-latex/10-scatter-1.pdf>
[224] [225] [226]
File: bookdown-demo_files/figure-latex/10-conddist3-1.pdf Graphic file (type pd
f)
<use bookdown-demo_files/figure-latex/10-conddist3-1.pdf>
[227]
File: bookdown-demo_files/figure-latex/10-conddist4-1.pdf Graphic file (type pd
f)
<use bookdown-demo_files/figure-latex/10-conddist4-1.pdf>
File: bookdown-demo_files/figure-latex/10-conddist5-1.pdf Graphic file (type pd
f)
<use bookdown-demo_files/figure-latex/10-conddist5-1.pdf>
[228] [229]
File: images/10-ass1.jpg Graphic file (type bmp)
<images/10-ass1.jpg>
File: images/10-ass2.jpg Graphic file (type bmp)
<images/10-ass2.jpg>
[230] [231]
File: images/10-residuals.png Graphic file (type bmp)
<images/10-residuals.png>
[232] [233] [234] [235] [236] [237] [238] [239]
File: bookdown-demo_files/figure-latex/10-scatter-eg-1.pdf Graphic file (type p
df)
<use bookdown-demo_files/figure-latex/10-scatter-eg-1.pdf>
[240]
Underfull \vbox (badness 10000) has occurred while \output is active []

[241]
Underfull \hbox (badness 3872) in paragraph at lines 8701--8702
\TU/lmr/m/n/10 We can actually extract these values that are being reported fro
m
 []

[242]
Overfull \hbox (22.5pt too wide) in paragraph at lines 8714--8714
[]\TU/lmtt/m/n/10 ##  [1] "call"          "terms"         "residuals"     "coef
ficients"[] 
 []


Overfull \hbox (6.75pt too wide) in paragraph at lines 8714--8714
[]\TU/lmtt/m/n/10 ##  [5] "aliased"       "sigma"         "df"            "r.sq
uared"[] 
 []

[243] [244] [245] [246] [247]
File: images/10-MSE.png Graphic file (type bmp)
<images/10-MSE.png>
[248]
Underfull \vbox (badness 10000) has occurred while \output is active []

[249] [250]
File: bookdown-demo_files/figure-latex/10-sims1-1.pdf Graphic file (type pdf)
<use bookdown-demo_files/figure-latex/10-sims1-1.pdf>
File: bookdown-demo_files/figure-latex/10-sims3-1.pdf Graphic file (type pdf)
<use bookdown-demo_files/figure-latex/10-sims3-1.pdf>
[251] [252]
File: bookdown-demo_files/figure-latex/10-simsboxplot-1.pdf Graphic file (type 
pdf)
<use bookdown-demo_files/figure-latex/10-simsboxplot-1.pdf>
[253] [254] [255] [256

]
Chapter 11.
[257] [258

]
Chapter 12.
No file bookdown-demo.bbl.
[259] (bookdown-demo.aux)

LaTeX Warning: There were undefined references.

 ) 
Here is how much of TeX's memory you used:
 20709 strings out of 411472
 388498 string characters out of 5818265
 1890012 words of memory out of 5000000
 40593 multiletter control sequences out of 15000+600000
 520239 words of font info for 100 fonts, out of 8000000 for 9000
 1348 hyphenation exceptions out of 8191
 86i,21n,121p,1199b,585s stack positions out of 10000i,1000n,20000p,200000b,200000s

Output written on bookdown-demo.pdf (259 pages).
